C51 COMPILER V9.51   OP                                                                    03/16/2015 16:03:48 PAGE 1   


C51 COMPILER V9.51, COMPILATION OF MODULE OP
OBJECT MODULE PLACED IN .\op.obj
COMPILER INVOKED BY: C:\Keil\C51\BIN\C51.EXE ..\..\..\sem 6\project\final\op.c DEBUG OBJECTEXTEND PRINT(.\op.lst) TABS(2
                    -) OBJECT(.\op.obj)

line level    source

   1          #include<regx52.h>
   2          void delayms(int);
   3          void cmnd(void);
   4          void delay(void);
   5          void disp(void);
   6          
   7          sbit COL1=P1^0;
   8          sbit COL2=P1^1;
   9          sbit COL3=P1^2;
  10          
  11          sbit ROW1=P1^4;
  12          sbit ROW2=P1^5;
  13          sbit ROW3=P1^6;
  14          sbit ROW4=P1^7;
  15          
  16          unsigned char ROW=0,COL=0;
  17          char value='\0', temp=0;
  18          char keypad[4][3]=  { '1','2','3',
  19                  '4','5','6',
  20                  '7','8','9',
  21                  '*','0','#' };    //look up table
  22          
  23          char key(void);
  24          void main(void)
  25          { int i;
  26   1        
  27   1        ROW1 = 0; //MAKE ALL ROWs IN KEYPAD TO ZERO
  28   1        ROW2 = 0;
  29   1        ROW3 = 0;
  30   1        ROW4 = 0;   
  31   1        COL1 = 1; // MAKE ALL COL'S AS HIGH
  32   1        COL2 = 1;
  33   1        COL3 = 1;
  34   1      
  35   1       
  36   1        while(1)
  37   1        {
  38   2          //LCD_init();
  39   2       P2=0x38;
  40   2       cmnd();
  41   2       P2=0x0F;
  42   2       cmnd();
  43   2       P2=0x01;
  44   2       cmnd();
  45   2       P2=0x06;
  46   2       cmnd();
  47   2      
  48   2          for(i=0;i<=3;i++) //how many numbers you want to take 
  49   2          {   
  50   3            value =  key();//taking value from keypad
  51   3            delayms(50);        
  52   3            send_char(value);//sending value of keypad to lcd
*** WARNING C206 IN LINE 52 OF ..\..\..\sem 6\project\final\op.c: 'send_char': missing function-prototype
*** ERROR C267 IN LINE 52 OF ..\..\..\sem 6\project\final\op.c: 'send_char': requires ANSI-style prototype
C51 COMPILER V9.51   OP                                                                    03/16/2015 16:03:48 PAGE 2   

  53   3            delayms(100);
  54   3          
  55   3          }
  56   2            }
  57   1      
  58   1      } 
  59          //checking which key is pressed
  60          char key()
  61          {
  62   1        
  63   1        while(1)
  64   1        {
  65   2      
  66   2          ROW1 = 0; //MAKE FIRST ROW IN KEYPAD TO ZERO
  67   2          ROW2 = 1;
  68   2          ROW3 = 1;
  69   2          ROW4 = 1;   
  70   2          COL1 = 1; // MAKE ALL COL'S AS HIGH
  71   2          COL2 = 1;
  72   2          COL3 = 1;
  73   2          if(COL1 == 0){while(COL1 == 0);ROW=1;COL=1;break;}  
  74   2          if(COL2 == 0){while(COL2 == 0);ROW=1;COL=2;break;}  
  75   2          if(COL3 == 0){while(COL3 == 0);ROW=1;COL=3;break;}  
  76   2          ROW1 = 1; 
  77   2          ROW2 = 0; //MAKE SECOND ROW IN KEYPAD TO ZERO
  78   2          ROW3 = 1;
  79   2          ROW4 = 1;   
  80   2          COL1 = 1; // MAKE ALL COL'S AS HIGH
  81   2          COL2 = 1;
  82   2          COL3 = 1;
  83   2          if(COL1 == 0){while(COL1 == 0);ROW=2;COL=1;break;}  
  84   2          if(COL2 == 0){while(COL2 == 0);ROW=2;COL=2;break;}  
  85   2          if(COL3 == 0){while(COL3 == 0);ROW=2;COL=3;break;}
  86   2          ROW1 = 1; 
  87   2          ROW2 = 1; 
  88   2          ROW3 = 0;//MAKE THIRD ROW IN KEYPAD TO ZERO
  89   2          ROW4 = 1;   
  90   2          COL1 = 1; // MAKE ALL COL'S AS HIGH
  91   2          COL2 = 1;
  92   2          COL3 = 1;
  93   2          if(COL1 == 0){while(COL1 == 0);ROW=3;COL=1;break;}  
  94   2          if(COL2 == 0){while(COL2 == 0);ROW=3;COL=2;break;}  
  95   2          if(COL3 == 0){while(COL3 == 0);ROW=3;COL=3;break;}
  96   2          ROW1 = 1; 
  97   2          ROW2 = 1; 
  98   2          ROW3 = 1;
  99   2          ROW4 = 0;//MAKE 4TH ROW IN KEYPAD TO ZERO   
 100   2          COL1 = 1; // MAKE ALL COL'S AS HIGH
 101   2          COL2 = 1;
 102   2          COL3 = 1;
 103   2          if(COL1 == 0){while(COL1 == 0);ROW=4;COL=1;break;}  
 104   2          if(COL2 == 0){while(COL2 == 0);ROW=4;COL=2;break;}  
 105   2          if(COL3 == 0){while(COL3 == 0);ROW=4;COL=3;break;}
 106   2          delayms(500);
 107   2        }
 108   1      
 109   1        return  keypad[ROW-1][COL-1];
 110   1      }
 111          void delayms(int x)
 112          {
 113   1        int i=0;
 114   1        for(i=0;i<x;i++);
C51 COMPILER V9.51   OP                                                                    03/16/2015 16:03:48 PAGE 3   

 115   1      }
 116          void send_char(char a)
 117          { 
*** ERROR C231 IN LINE 117 OF ..\..\..\sem 6\project\final\op.c: 'send_char': redefinition
 118   1        //displaying the keys pressed on keypad
 119   1        int i;
 120   1        P2=a;
 121   1        disp();
 122   1        delay();
 123   1       }
*** ERROR C231 IN LINE 123 OF ..\..\..\sem 6\project\final\op.c: 'send_char': redefinition
 124            
 125           void cmnd()
 126           {
 127   1        P0_0=0;
 128   1        P0_1=0;
 129   1        P0_2=1;
 130   1        P0_2=0;
 131   1        delay();
 132   1        }
 133            void disp()
 134            {
 135   1         P0_0=1;
 136   1         P0_1=0;
 137   1         P0_2=1;
 138   1         P0_2=0;
 139   1        delay();
 140   1        delay();
 141   1        }
 142           void delay()
 143           {
 144   1         int i;
 145   1         for(i=0;i<10000;i++)
 146   1         {
 147   2          P0_2=1;
 148   2        P0_0=0;//
 149   2        P0_1=1;//
 150   2        P0_2=1;//?
 151   2        }
 152   1       }
 153           
 154             

C51 COMPILATION COMPLETE.  1 WARNING(S),  3 ERROR(S)
